{"E:\\company_works\\uni-backbones\\api.js": {"path":"E:\\company_works\\uni-backbones\\api.js","statementMap":{"0":{"start":{"line":1,"column":0},"end":{"line":1,"column":20}},"1":{"start":{"line":2,"column":16},"end":{"line":2,"column":34}},"2":{"start":{"line":4,"column":20},"end":{"line":4,"column":42}},"3":{"start":{"line":5,"column":12},"end":{"line":5,"column":32}},"4":{"start":{"line":6,"column":0},"end":{"line":6,"column":27}},"5":{"start":{"line":7,"column":15},"end":{"line":7,"column":32}},"6":{"start":{"line":8,"column":13},"end":{"line":8,"column":28}},"7":{"start":{"line":9,"column":19},"end":{"line":9,"column":41}},"8":{"start":{"line":10,"column":12},"end":{"line":10,"column":34}},"9":{"start":{"line":11,"column":21},"end":{"line":11,"column":45}},"10":{"start":{"line":12,"column":23},"end":{"line":12,"column":49}},"11":{"start":{"line":13,"column":20},"end":{"line":13,"column":44}},"12":{"start":{"line":14,"column":17},"end":{"line":14,"column":41}},"13":{"start":{"line":15,"column":13},"end":{"line":15,"column":29}},"14":{"start":{"line":16,"column":18},"end":{"line":16,"column":47}},"15":{"start":{"line":17,"column":23},"end":{"line":19,"column":2}},"16":{"start":{"line":20,"column":16},"end":{"line":24,"column":2}},"17":{"start":{"line":26,"column":12},"end":{"line":26,"column":21}},"18":{"start":{"line":27,"column":0},"end":{"line":27,"column":28}},"19":{"start":{"line":28,"column":0},"end":{"line":28,"column":23}},"20":{"start":{"line":30,"column":0},"end":{"line":30,"column":18}},"21":{"start":{"line":31,"column":0},"end":{"line":31,"column":15}},"22":{"start":{"line":33,"column":20},"end":{"line":33,"column":73}},"23":{"start":{"line":34,"column":0},"end":{"line":34,"column":27}},"24":{"start":{"line":35,"column":0},"end":{"line":35,"column":16}},"25":{"start":{"line":37,"column":0},"end":{"line":37,"column":27}},"26":{"start":{"line":39,"column":0},"end":{"line":39,"column":51}},"27":{"start":{"line":40,"column":0},"end":{"line":40,"column":24}},"28":{"start":{"line":41,"column":0},"end":{"line":41,"column":17}},"29":{"start":{"line":43,"column":0},"end":{"line":43,"column":32}},"30":{"start":{"line":44,"column":0},"end":{"line":44,"column":29}},"31":{"start":{"line":46,"column":0},"end":{"line":48,"column":3}},"32":{"start":{"line":47,"column":2},"end":{"line":47,"column":42}},"33":{"start":{"line":49,"column":17},"end":{"line":53,"column":2}},"34":{"start":{"line":51,"column":21},"end":{"line":51,"column":38}},"35":{"start":{"line":55,"column":0},"end":{"line":55,"column":24}},"36":{"start":{"line":57,"column":0},"end":{"line":59,"column":3}},"37":{"start":{"line":58,"column":2},"end":{"line":58,"column":43}},"38":{"start":{"line":61,"column":0},"end":{"line":61,"column":39}},"39":{"start":{"line":63,"column":0},"end":{"line":63,"column":21}}},"fnMap":{"0":{"name":"(anonymous_0)","decl":{"start":{"line":46,"column":20},"end":{"line":46,"column":21}},"loc":{"start":{"line":46,"column":34},"end":{"line":48,"column":1}},"line":46},"1":{"name":"(anonymous_1)","decl":{"start":{"line":51,"column":12},"end":{"line":51,"column":13}},"loc":{"start":{"line":51,"column":21},"end":{"line":51,"column":38}},"line":51},"2":{"name":"(anonymous_2)","decl":{"start":{"line":57,"column":27},"end":{"line":57,"column":28}},"loc":{"start":{"line":57,"column":41},"end":{"line":59,"column":1}},"line":57}},"branchMap":{"0":{"loc":{"start":{"line":33,"column":49},"end":{"line":33,"column":71}},"type":"binary-expr","locations":[{"start":{"line":33,"column":49},"end":{"line":33,"column":64}},{"start":{"line":33,"column":68},"end":{"line":33,"column":71}}],"line":33}},"s":{"0":2,"1":2,"2":2,"3":2,"4":2,"5":2,"6":2,"7":2,"8":2,"9":2,"10":2,"11":2,"12":2,"13":2,"14":2,"15":2,"16":2,"17":2,"18":2,"19":2,"20":2,"21":2,"22":2,"23":2,"24":2,"25":2,"26":2,"27":2,"28":2,"29":2,"30":2,"31":2,"32":0,"33":2,"34":0,"35":2,"36":2,"37":0,"38":2,"39":2},"f":{"0":0,"1":0,"2":0},"b":{"0":[2,2]},"_coverageSchema":"1a1c01bbd47fc00a2c39e90264f33305004495a9","hash":"c9a31bea0dd3ac31b9df71853e85ecb7ac422675"}
,"E:\\company_works\\uni-backbones\\newrelic.js": {"path":"E:\\company_works\\uni-backbones\\newrelic.js","statementMap":{"0":{"start":{"line":2,"column":0},"end":{"line":2,"column":27}},"1":{"start":{"line":9,"column":0},"end":{"line":70,"column":1}}},"fnMap":{},"branchMap":{},"s":{"0":2,"1":2},"f":{},"b":{},"_coverageSchema":"1a1c01bbd47fc00a2c39e90264f33305004495a9","hash":"80564d14377a1d14a26e7154646ddac95c436043"}
,"E:\\company_works\\uni-backbones\\sentry_config.js": {"path":"E:\\company_works\\uni-backbones\\sentry_config.js","statementMap":{"0":{"start":{"line":1,"column":15},"end":{"line":1,"column":38}},"1":{"start":{"line":3,"column":0},"end":{"line":8,"column":5}},"2":{"start":{"line":10,"column":0},"end":{"line":10,"column":24}}},"fnMap":{},"branchMap":{"0":{"loc":{"start":{"line":3,"column":0},"end":{"line":8,"column":4}},"type":"binary-expr","locations":[{"start":{"line":3,"column":0},"end":{"line":3,"column":37}},{"start":{"line":4,"column":2},"end":{"line":8,"column":4}}],"line":3}},"s":{"0":2,"1":2,"2":2},"f":{},"b":{"0":[2,0]},"_coverageSchema":"1a1c01bbd47fc00a2c39e90264f33305004495a9","hash":"41ce16e3686a7decbb14dcf63b541300c2014829"}
,"E:\\company_works\\uni-backbones\\user_register.js": {"path":"E:\\company_works\\uni-backbones\\user_register.js","statementMap":{"0":{"start":{"line":1,"column":16},"end":{"line":1,"column":34}},"1":{"start":{"line":2,"column":13},"end":{"line":2,"column":38}},"2":{"start":{"line":3,"column":47},"end":{"line":3,"column":71}},"3":{"start":{"line":4,"column":15},"end":{"line":4,"column":34}},"4":{"start":{"line":5,"column":15},"end":{"line":5,"column":41}},"5":{"start":{"line":6,"column":15},"end":{"line":6,"column":34}},"6":{"start":{"line":8,"column":15},"end":{"line":8,"column":31}},"7":{"start":{"line":11,"column":0},"end":{"line":88,"column":3}},"8":{"start":{"line":12,"column":2},"end":{"line":87,"column":3}},"9":{"start":{"line":21,"column":8},"end":{"line":21,"column":16}},"10":{"start":{"line":22,"column":23},"end":{"line":22,"column":25}},"11":{"start":{"line":23,"column":17},"end":{"line":23,"column":47}},"12":{"start":{"line":24,"column":4},"end":{"line":82,"column":5}},"13":{"start":{"line":25,"column":6},"end":{"line":75,"column":7}},"14":{"start":{"line":26,"column":23},"end":{"line":29,"column":9}},"15":{"start":{"line":30,"column":8},"end":{"line":70,"column":9}},"16":{"start":{"line":31,"column":10},"end":{"line":65,"column":11}},"17":{"start":{"line":32,"column":35},"end":{"line":32,"column":68}},"18":{"start":{"line":33,"column":12},"end":{"line":60,"column":13}},"19":{"start":{"line":34,"column":31},"end":{"line":37,"column":15}},"20":{"start":{"line":38,"column":14},"end":{"line":55,"column":15}},"21":{"start":{"line":39,"column":36},"end":{"line":42,"column":17}},"22":{"start":{"line":43,"column":16},"end":{"line":46,"column":18}},"23":{"start":{"line":47,"column":16},"end":{"line":49,"column":18}},"24":{"start":{"line":50,"column":16},"end":{"line":50,"column":59}},"25":{"start":{"line":52,"column":16},"end":{"line":52,"column":69}},"26":{"start":{"line":53,"column":16},"end":{"line":53,"column":59}},"27":{"start":{"line":54,"column":16},"end":{"line":54,"column":63}},"28":{"start":{"line":57,"column":14},"end":{"line":57,"column":75}},"29":{"start":{"line":58,"column":14},"end":{"line":58,"column":65}},"30":{"start":{"line":59,"column":14},"end":{"line":59,"column":69}},"31":{"start":{"line":62,"column":12},"end":{"line":62,"column":69}},"32":{"start":{"line":63,"column":12},"end":{"line":63,"column":59}},"33":{"start":{"line":64,"column":12},"end":{"line":64,"column":63}},"34":{"start":{"line":67,"column":10},"end":{"line":67,"column":56}},"35":{"start":{"line":68,"column":10},"end":{"line":68,"column":46}},"36":{"start":{"line":69,"column":10},"end":{"line":69,"column":50}},"37":{"start":{"line":72,"column":8},"end":{"line":72,"column":62}},"38":{"start":{"line":73,"column":8},"end":{"line":73,"column":52}},"39":{"start":{"line":74,"column":8},"end":{"line":74,"column":56}},"40":{"start":{"line":77,"column":6},"end":{"line":79,"column":8}},"41":{"start":{"line":80,"column":6},"end":{"line":80,"column":71}},"42":{"start":{"line":81,"column":6},"end":{"line":81,"column":75}},"43":{"start":{"line":84,"column":4},"end":{"line":84,"column":33}},"44":{"start":{"line":85,"column":4},"end":{"line":85,"column":22}},"45":{"start":{"line":86,"column":4},"end":{"line":86,"column":54}},"46":{"start":{"line":90,"column":0},"end":{"line":90,"column":24}}},"fnMap":{"0":{"name":"(anonymous_0)","decl":{"start":{"line":11,"column":25},"end":{"line":11,"column":26}},"loc":{"start":{"line":11,"column":45},"end":{"line":88,"column":1}},"line":11}},"branchMap":{"0":{"loc":{"start":{"line":24,"column":4},"end":{"line":82,"column":5}},"type":"if","locations":[{"start":{"line":24,"column":4},"end":{"line":82,"column":5}},{"start":{"line":76,"column":11},"end":{"line":82,"column":5}}],"line":24},"1":{"loc":{"start":{"line":24,"column":8},"end":{"line":24,"column":34}},"type":"binary-expr","locations":[{"start":{"line":24,"column":8},"end":{"line":24,"column":13}},{"start":{"line":24,"column":17},"end":{"line":24,"column":22}},{"start":{"line":24,"column":26},"end":{"line":24,"column":34}}],"line":24},"2":{"loc":{"start":{"line":25,"column":6},"end":{"line":75,"column":7}},"type":"if","locations":[{"start":{"line":25,"column":6},"end":{"line":75,"column":7}},{"start":{"line":71,"column":13},"end":{"line":75,"column":7}}],"line":25},"3":{"loc":{"start":{"line":30,"column":8},"end":{"line":70,"column":9}},"type":"if","locations":[{"start":{"line":30,"column":8},"end":{"line":70,"column":9}},{"start":{"line":66,"column":15},"end":{"line":70,"column":9}}],"line":30},"4":{"loc":{"start":{"line":31,"column":10},"end":{"line":65,"column":11}},"type":"if","locations":[{"start":{"line":31,"column":10},"end":{"line":65,"column":11}},{"start":{"line":61,"column":17},"end":{"line":65,"column":11}}],"line":31},"5":{"loc":{"start":{"line":33,"column":12},"end":{"line":60,"column":13}},"type":"if","locations":[{"start":{"line":33,"column":12},"end":{"line":60,"column":13}},{"start":{"line":56,"column":19},"end":{"line":60,"column":13}}],"line":33},"6":{"loc":{"start":{"line":38,"column":14},"end":{"line":55,"column":15}},"type":"if","locations":[{"start":{"line":38,"column":14},"end":{"line":55,"column":15}},{"start":{"line":51,"column":21},"end":{"line":55,"column":15}}],"line":38}},"s":{"0":2,"1":2,"2":2,"3":2,"4":2,"5":2,"6":2,"7":2,"8":9,"9":9,"10":9,"11":9,"12":9,"13":8,"14":7,"15":7,"16":7,"17":3,"18":3,"19":2,"20":2,"21":2,"22":2,"23":2,"24":2,"25":0,"26":0,"27":0,"28":1,"29":1,"30":1,"31":4,"32":4,"33":4,"34":0,"35":0,"36":0,"37":1,"38":1,"39":1,"40":1,"41":1,"42":1,"43":0,"44":0,"45":0,"46":2},"f":{"0":9},"b":{"0":[8,1],"1":[9,9,8],"2":[7,1],"3":[7,0],"4":[3,4],"5":[2,1],"6":[2,0]},"_coverageSchema":"1a1c01bbd47fc00a2c39e90264f33305004495a9","hash":"cb2d1714fdaea9b641c6a76e8efc363f9565acbc"}
,"E:\\company_works\\uni-backbones\\Auth1\\login.js": {"path":"E:\\company_works\\uni-backbones\\Auth1\\login.js","statementMap":{"0":{"start":{"line":1,"column":16},"end":{"line":1,"column":34}},"1":{"start":{"line":2,"column":0},"end":{"line":2,"column":27}},"2":{"start":{"line":3,"column":14},"end":{"line":3,"column":37}},"3":{"start":{"line":4,"column":21},"end":{"line":4,"column":45}},"4":{"start":{"line":5,"column":18},"end":{"line":5,"column":39}},"5":{"start":{"line":6,"column":11},"end":{"line":6,"column":37}},"6":{"start":{"line":7,"column":15},"end":{"line":7,"column":35}},"7":{"start":{"line":8,"column":15},"end":{"line":8,"column":42}},"8":{"start":{"line":9,"column":15},"end":{"line":9,"column":46}},"9":{"start":{"line":10,"column":12},"end":{"line":10,"column":21}},"10":{"start":{"line":11,"column":0},"end":{"line":11,"column":28}},"11":{"start":{"line":12,"column":0},"end":{"line":12,"column":24}},"12":{"start":{"line":14,"column":0},"end":{"line":69,"column":3}},"13":{"start":{"line":15,"column":2},"end":{"line":68,"column":3}},"14":{"start":{"line":16,"column":32},"end":{"line":16,"column":40}},"15":{"start":{"line":17,"column":17},"end":{"line":19,"column":6}},"16":{"start":{"line":20,"column":4},"end":{"line":63,"column":5}},"17":{"start":{"line":21,"column":6},"end":{"line":21,"column":55}},"18":{"start":{"line":22,"column":6},"end":{"line":22,"column":46}},"19":{"start":{"line":23,"column":6},"end":{"line":23,"column":61}},"20":{"start":{"line":25,"column":22},"end":{"line":27,"column":8}},"21":{"start":{"line":28,"column":6},"end":{"line":30,"column":30}},"22":{"start":{"line":29,"column":19},"end":{"line":29,"column":28}},"23":{"start":{"line":30,"column":13},"end":{"line":30,"column":30}},"24":{"start":{"line":31,"column":31},"end":{"line":34,"column":7}},"25":{"start":{"line":35,"column":6},"end":{"line":62,"column":7}},"26":{"start":{"line":36,"column":8},"end":{"line":36,"column":57}},"27":{"start":{"line":37,"column":8},"end":{"line":37,"column":48}},"28":{"start":{"line":38,"column":8},"end":{"line":38,"column":63}},"29":{"start":{"line":40,"column":21},"end":{"line":45,"column":9}},"30":{"start":{"line":46,"column":25},"end":{"line":46,"column":48}},"31":{"start":{"line":47,"column":22},"end":{"line":50,"column":10}},"32":{"start":{"line":52,"column":29},"end":{"line":52,"column":45}},"33":{"start":{"line":53,"column":26},"end":{"line":53,"column":42}},"34":{"start":{"line":54,"column":8},"end":{"line":56,"column":11}},"35":{"start":{"line":57,"column":8},"end":{"line":61,"column":11}},"36":{"start":{"line":65,"column":4},"end":{"line":65,"column":33}},"37":{"start":{"line":66,"column":4},"end":{"line":66,"column":22}},"38":{"start":{"line":67,"column":4},"end":{"line":67,"column":70}},"39":{"start":{"line":81,"column":0},"end":{"line":81,"column":21}}},"fnMap":{"0":{"name":"(anonymous_0)","decl":{"start":{"line":14,"column":19},"end":{"line":14,"column":20}},"loc":{"start":{"line":14,"column":39},"end":{"line":69,"column":1}},"line":14}},"branchMap":{"0":{"loc":{"start":{"line":20,"column":4},"end":{"line":63,"column":5}},"type":"if","locations":[{"start":{"line":20,"column":4},"end":{"line":63,"column":5}},{"start":{"line":24,"column":11},"end":{"line":63,"column":5}}],"line":20},"1":{"loc":{"start":{"line":28,"column":6},"end":{"line":30,"column":30}},"type":"if","locations":[{"start":{"line":28,"column":6},"end":{"line":30,"column":30}},{"start":{"line":30,"column":13},"end":{"line":30,"column":30}}],"line":28},"2":{"loc":{"start":{"line":35,"column":6},"end":{"line":62,"column":7}},"type":"if","locations":[{"start":{"line":35,"column":6},"end":{"line":62,"column":7}},{"start":{"line":39,"column":13},"end":{"line":62,"column":7}}],"line":35}},"s":{"0":2,"1":2,"2":2,"3":2,"4":2,"5":2,"6":2,"7":2,"8":2,"9":2,"10":2,"11":2,"12":2,"13":1,"14":1,"15":1,"16":1,"17":0,"18":0,"19":0,"20":1,"21":1,"22":1,"23":0,"24":1,"25":1,"26":0,"27":0,"28":0,"29":1,"30":1,"31":1,"32":1,"33":1,"34":1,"35":1,"36":0,"37":0,"38":0,"39":2},"f":{"0":1},"b":{"0":[0,1],"1":[1,0],"2":[0,1]},"_coverageSchema":"1a1c01bbd47fc00a2c39e90264f33305004495a9","hash":"0900a0c9a38b3d2b99c7cb015da7e8f5593afdd3"}
,"E:\\company_works\\uni-backbones\\Auth1\\route.js": {"path":"E:\\company_works\\uni-backbones\\Auth1\\route.js","statementMap":{"0":{"start":{"line":1,"column":16},"end":{"line":1,"column":34}},"1":{"start":{"line":2,"column":0},"end":{"line":2,"column":27}},"2":{"start":{"line":3,"column":21},"end":{"line":3,"column":45}},"3":{"start":{"line":4,"column":18},"end":{"line":4,"column":39}},"4":{"start":{"line":5,"column":11},"end":{"line":5,"column":37}},"5":{"start":{"line":6,"column":15},"end":{"line":6,"column":35}},"6":{"start":{"line":7,"column":15},"end":{"line":7,"column":42}},"7":{"start":{"line":8,"column":12},"end":{"line":8,"column":21}},"8":{"start":{"line":9,"column":0},"end":{"line":9,"column":28}},"9":{"start":{"line":10,"column":0},"end":{"line":10,"column":24}},"10":{"start":{"line":12,"column":19},"end":{"line":24,"column":1}},"11":{"start":{"line":13,"column":16},"end":{"line":13,"column":33}},"12":{"start":{"line":14,"column":2},"end":{"line":16,"column":3}},"13":{"start":{"line":15,"column":4},"end":{"line":15,"column":71}},"14":{"start":{"line":17,"column":23},"end":{"line":17,"column":39}},"15":{"start":{"line":18,"column":2},"end":{"line":23,"column":3}},"16":{"start":{"line":19,"column":4},"end":{"line":19,"column":80}},"17":{"start":{"line":21,"column":4},"end":{"line":21,"column":28}},"18":{"start":{"line":22,"column":4},"end":{"line":22,"column":11}},"19":{"start":{"line":26,"column":0},"end":{"line":26,"column":20}},"20":{"start":{"line":28,"column":23},"end":{"line":34,"column":1}},"21":{"start":{"line":29,"column":23},"end":{"line":29,"column":31}},"22":{"start":{"line":30,"column":2},"end":{"line":32,"column":3}},"23":{"start":{"line":31,"column":4},"end":{"line":31,"column":66}},"24":{"start":{"line":33,"column":2},"end":{"line":33,"column":9}},"25":{"start":{"line":36,"column":0},"end":{"line":47,"column":3}},"26":{"start":{"line":37,"column":2},"end":{"line":46,"column":3}},"27":{"start":{"line":38,"column":21},"end":{"line":40,"column":5}},"28":{"start":{"line":41,"column":4},"end":{"line":41,"column":40}},"29":{"start":{"line":43,"column":4},"end":{"line":43,"column":33}},"30":{"start":{"line":44,"column":4},"end":{"line":44,"column":22}},"31":{"start":{"line":45,"column":4},"end":{"line":45,"column":70}},"32":{"start":{"line":49,"column":0},"end":{"line":57,"column":3}},"33":{"start":{"line":50,"column":2},"end":{"line":56,"column":3}},"34":{"start":{"line":51,"column":4},"end":{"line":51,"column":57}},"35":{"start":{"line":53,"column":4},"end":{"line":53,"column":33}},"36":{"start":{"line":54,"column":4},"end":{"line":54,"column":22}},"37":{"start":{"line":55,"column":4},"end":{"line":55,"column":70}},"38":{"start":{"line":59,"column":0},"end":{"line":59,"column":21}}},"fnMap":{"0":{"name":"(anonymous_0)","decl":{"start":{"line":12,"column":19},"end":{"line":12,"column":20}},"loc":{"start":{"line":12,"column":39},"end":{"line":24,"column":1}},"line":12},"1":{"name":"(anonymous_1)","decl":{"start":{"line":28,"column":23},"end":{"line":28,"column":24}},"loc":{"start":{"line":28,"column":43},"end":{"line":34,"column":1}},"line":28},"2":{"name":"(anonymous_2)","decl":{"start":{"line":36,"column":38},"end":{"line":36,"column":39}},"loc":{"start":{"line":36,"column":58},"end":{"line":47,"column":1}},"line":36},"3":{"name":"(anonymous_3)","decl":{"start":{"line":49,"column":40},"end":{"line":49,"column":41}},"loc":{"start":{"line":49,"column":54},"end":{"line":57,"column":1}},"line":49}},"branchMap":{"0":{"loc":{"start":{"line":14,"column":2},"end":{"line":16,"column":3}},"type":"if","locations":[{"start":{"line":14,"column":2},"end":{"line":16,"column":3}},{"start":{},"end":{}}],"line":14},"1":{"loc":{"start":{"line":18,"column":2},"end":{"line":23,"column":3}},"type":"if","locations":[{"start":{"line":18,"column":2},"end":{"line":23,"column":3}},{"start":{"line":20,"column":9},"end":{"line":23,"column":3}}],"line":18},"2":{"loc":{"start":{"line":30,"column":2},"end":{"line":32,"column":3}},"type":"if","locations":[{"start":{"line":30,"column":2},"end":{"line":32,"column":3}},{"start":{},"end":{}}],"line":30}},"s":{"0":2,"1":2,"2":2,"3":2,"4":2,"5":2,"6":2,"7":2,"8":2,"9":2,"10":2,"11":0,"12":0,"13":0,"14":0,"15":0,"16":0,"17":0,"18":0,"19":2,"20":2,"21":0,"22":0,"23":0,"24":0,"25":2,"26":0,"27":0,"28":0,"29":0,"30":0,"31":0,"32":2,"33":0,"34":0,"35":0,"36":0,"37":0,"38":2},"f":{"0":0,"1":0,"2":0,"3":0},"b":{"0":[0,0],"1":[0,0],"2":[0,0]},"_coverageSchema":"1a1c01bbd47fc00a2c39e90264f33305004495a9","hash":"2dc542ea15ec99d5167ab85b87e55329e13122f0"}
,"E:\\company_works\\uni-backbones\\db\\db_config.js": {"path":"E:\\company_works\\uni-backbones\\db\\db_config.js","statementMap":{"0":{"start":{"line":1,"column":0},"end":{"line":1,"column":27}},"1":{"start":{"line":2,"column":11},"end":{"line":2,"column":68}},"2":{"start":{"line":3,"column":13},"end":{"line":3,"column":31}},"3":{"start":{"line":5,"column":13},"end":{"line":7,"column":2}},"4":{"start":{"line":8,"column":0},"end":{"line":8,"column":21}}},"fnMap":{},"branchMap":{"0":{"loc":{"start":{"line":2,"column":11},"end":{"line":2,"column":68}},"type":"cond-expr","locations":[{"start":{"line":2,"column":45},"end":{"line":2,"column":55}},{"start":{"line":2,"column":58},"end":{"line":2,"column":68}}],"line":2}},"s":{"0":2,"1":2,"2":2,"3":2,"4":2},"f":{},"b":{"0":[2,0]},"_coverageSchema":"1a1c01bbd47fc00a2c39e90264f33305004495a9","hash":"e335e2a13f3bdf9311bd0aa1367a0bb03dd1571c"}
,"E:\\company_works\\uni-backbones\\logger\\dev-logger.js": {"path":"E:\\company_works\\uni-backbones\\logger\\dev-logger.js","statementMap":{"0":{"start":{"line":1,"column":45},"end":{"line":1,"column":63}},"1":{"start":{"line":2,"column":47},"end":{"line":2,"column":53}},"2":{"start":{"line":5,"column":20},"end":{"line":7,"column":4}},"3":{"start":{"line":6,"column":4},"end":{"line":6,"column":56}},"4":{"start":{"line":9,"column":2},"end":{"line":20,"column":5}},"5":{"start":{"line":23,"column":0},"end":{"line":23,"column":32}}},"fnMap":{"0":{"name":"buildDevLogger","decl":{"start":{"line":4,"column":9},"end":{"line":4,"column":23}},"loc":{"start":{"line":4,"column":26},"end":{"line":21,"column":1}},"line":4},"1":{"name":"(anonymous_1)","decl":{"start":{"line":5,"column":27},"end":{"line":5,"column":28}},"loc":{"start":{"line":5,"column":69},"end":{"line":7,"column":3}},"line":5}},"branchMap":{"0":{"loc":{"start":{"line":6,"column":37},"end":{"line":6,"column":53}},"type":"binary-expr","locations":[{"start":{"line":6,"column":37},"end":{"line":6,"column":42}},{"start":{"line":6,"column":46},"end":{"line":6,"column":53}}],"line":6}},"s":{"0":2,"1":2,"2":0,"3":0,"4":0,"5":2},"f":{"0":0,"1":0},"b":{"0":[0,0]},"_coverageSchema":"1a1c01bbd47fc00a2c39e90264f33305004495a9","hash":"de04e727c6388880a747b31a272a15b621bd4969"}
,"E:\\company_works\\uni-backbones\\logger\\index.js": {"path":"E:\\company_works\\uni-backbones\\logger\\index.js","statementMap":{"0":{"start":{"line":1,"column":23},"end":{"line":1,"column":46}},"1":{"start":{"line":2,"column":24},"end":{"line":2,"column":48}},"2":{"start":{"line":4,"column":13},"end":{"line":4,"column":17}},"3":{"start":{"line":5,"column":0},"end":{"line":9,"column":1}},"4":{"start":{"line":6,"column":2},"end":{"line":6,"column":28}},"5":{"start":{"line":8,"column":2},"end":{"line":8,"column":29}},"6":{"start":{"line":11,"column":0},"end":{"line":11,"column":24}}},"fnMap":{},"branchMap":{"0":{"loc":{"start":{"line":5,"column":0},"end":{"line":9,"column":1}},"type":"if","locations":[{"start":{"line":5,"column":0},"end":{"line":9,"column":1}},{"start":{"line":7,"column":7},"end":{"line":9,"column":1}}],"line":5}},"s":{"0":2,"1":2,"2":2,"3":2,"4":0,"5":2,"6":2},"f":{},"b":{"0":[0,2]},"_coverageSchema":"1a1c01bbd47fc00a2c39e90264f33305004495a9","hash":"95a7db63f09d338ff6b718b99d1ca8b56f37f6eb"}
,"E:\\company_works\\uni-backbones\\logger\\prod-logger.js": {"path":"E:\\company_works\\uni-backbones\\logger\\prod-logger.js","statementMap":{"0":{"start":{"line":1,"column":0},"end":{"line":1,"column":27}},"1":{"start":{"line":2,"column":45},"end":{"line":2,"column":63}},"2":{"start":{"line":3,"column":45},"end":{"line":3,"column":51}},"3":{"start":{"line":4,"column":23},"end":{"line":4,"column":64}},"4":{"start":{"line":6,"column":18},"end":{"line":10,"column":2}},"5":{"start":{"line":11,"column":18},"end":{"line":13,"column":2}},"6":{"start":{"line":14,"column":0},"end":{"line":17,"column":3}},"7":{"start":{"line":16,"column":2},"end":{"line":16,"column":76}},"8":{"start":{"line":20,"column":2},"end":{"line":24,"column":5}},"9":{"start":{"line":27,"column":0},"end":{"line":27,"column":33}}},"fnMap":{"0":{"name":"(anonymous_0)","decl":{"start":{"line":14,"column":22},"end":{"line":14,"column":23}},"loc":{"start":{"line":14,"column":37},"end":{"line":17,"column":1}},"line":14},"1":{"name":"buildProdLogger","decl":{"start":{"line":19,"column":9},"end":{"line":19,"column":24}},"loc":{"start":{"line":19,"column":27},"end":{"line":25,"column":1}},"line":19}},"branchMap":{},"s":{"0":2,"1":2,"2":2,"3":2,"4":2,"5":2,"6":2,"7":0,"8":2,"9":2},"f":{"0":0,"1":2},"b":{},"_coverageSchema":"1a1c01bbd47fc00a2c39e90264f33305004495a9","hash":"ec565e40676399d10e1ba61ac0b7ecbcc7f32cdf"}
,"E:\\company_works\\uni-backbones\\utils\\regex.js": {"path":"E:\\company_works\\uni-backbones\\utils\\regex.js","statementMap":{"0":{"start":{"line":2,"column":17},"end":{"line":2,"column":66}},"1":{"start":{"line":3,"column":2},"end":{"line":3,"column":28}},"2":{"start":{"line":6,"column":17},"end":{"line":6,"column":78}},"3":{"start":{"line":7,"column":2},"end":{"line":7,"column":28}},"4":{"start":{"line":10,"column":17},"end":{"line":10,"column":95}},"5":{"start":{"line":11,"column":2},"end":{"line":11,"column":28}},"6":{"start":{"line":15,"column":0},"end":{"line":15,"column":50}}},"fnMap":{"0":{"name":"testEmail","decl":{"start":{"line":1,"column":9},"end":{"line":1,"column":18}},"loc":{"start":{"line":1,"column":26},"end":{"line":4,"column":1}},"line":1},"1":{"name":"testPhone","decl":{"start":{"line":5,"column":9},"end":{"line":5,"column":18}},"loc":{"start":{"line":5,"column":26},"end":{"line":8,"column":1}},"line":5},"2":{"name":"testPassword","decl":{"start":{"line":9,"column":9},"end":{"line":9,"column":21}},"loc":{"start":{"line":9,"column":29},"end":{"line":12,"column":1}},"line":9}},"branchMap":{},"s":{"0":11,"1":11,"2":5,"3":5,"4":11,"5":11,"6":3},"f":{"0":11,"1":5,"2":11},"b":{},"_coverageSchema":"1a1c01bbd47fc00a2c39e90264f33305004495a9","hash":"5bfc3e65f7dd036e9de4d11fa4a3337bf379f21c"}
}
