{"C:\\Users\\infoviz\\Desktop\\company work test\\jiraissues\\UB19\\s3logsetup\\api.js": {"path":"C:\\Users\\infoviz\\Desktop\\company work test\\jiraissues\\UB19\\s3logsetup\\api.js","statementMap":{"0":{"start":{"line":1,"column":0},"end":{"line":1,"column":20}},"1":{"start":{"line":2,"column":16},"end":{"line":2,"column":34}},"2":{"start":{"line":3,"column":20},"end":{"line":3,"column":42}},"3":{"start":{"line":4,"column":12},"end":{"line":4,"column":32}},"4":{"start":{"line":5,"column":0},"end":{"line":5,"column":27}},"5":{"start":{"line":6,"column":15},"end":{"line":6,"column":32}},"6":{"start":{"line":7,"column":13},"end":{"line":7,"column":28}},"7":{"start":{"line":8,"column":19},"end":{"line":8,"column":41}},"8":{"start":{"line":9,"column":12},"end":{"line":9,"column":34}},"9":{"start":{"line":10,"column":21},"end":{"line":10,"column":45}},"10":{"start":{"line":11,"column":23},"end":{"line":11,"column":49}},"11":{"start":{"line":12,"column":20},"end":{"line":12,"column":44}},"12":{"start":{"line":13,"column":17},"end":{"line":13,"column":41}},"13":{"start":{"line":14,"column":13},"end":{"line":14,"column":29}},"14":{"start":{"line":16,"column":23},"end":{"line":18,"column":2}},"15":{"start":{"line":25,"column":12},"end":{"line":25,"column":21}},"16":{"start":{"line":26,"column":0},"end":{"line":26,"column":28}},"17":{"start":{"line":27,"column":0},"end":{"line":27,"column":23}},"18":{"start":{"line":29,"column":0},"end":{"line":29,"column":18}},"19":{"start":{"line":30,"column":0},"end":{"line":30,"column":15}},"20":{"start":{"line":32,"column":20},"end":{"line":32,"column":73}},"21":{"start":{"line":33,"column":0},"end":{"line":33,"column":27}},"22":{"start":{"line":34,"column":0},"end":{"line":34,"column":16}},"23":{"start":{"line":36,"column":0},"end":{"line":36,"column":27}},"24":{"start":{"line":38,"column":0},"end":{"line":38,"column":51}},"25":{"start":{"line":39,"column":0},"end":{"line":39,"column":24}},"26":{"start":{"line":43,"column":0},"end":{"line":43,"column":31}},"27":{"start":{"line":44,"column":0},"end":{"line":44,"column":28}},"28":{"start":{"line":46,"column":0},"end":{"line":48,"column":4}},"29":{"start":{"line":47,"column":4},"end":{"line":47,"column":44}},"30":{"start":{"line":49,"column":17},"end":{"line":53,"column":2}},"31":{"start":{"line":51,"column":21},"end":{"line":51,"column":38}},"32":{"start":{"line":55,"column":0},"end":{"line":55,"column":24}},"33":{"start":{"line":57,"column":0},"end":{"line":59,"column":3}},"34":{"start":{"line":58,"column":4},"end":{"line":58,"column":45}},"35":{"start":{"line":61,"column":0},"end":{"line":61,"column":37}},"36":{"start":{"line":63,"column":0},"end":{"line":63,"column":21}}},"fnMap":{"0":{"name":"(anonymous_0)","decl":{"start":{"line":46,"column":20},"end":{"line":46,"column":21}},"loc":{"start":{"line":46,"column":34},"end":{"line":48,"column":3}},"line":46},"1":{"name":"(anonymous_1)","decl":{"start":{"line":51,"column":14},"end":{"line":51,"column":15}},"loc":{"start":{"line":51,"column":21},"end":{"line":51,"column":38}},"line":51},"2":{"name":"(anonymous_2)","decl":{"start":{"line":57,"column":27},"end":{"line":57,"column":28}},"loc":{"start":{"line":57,"column":41},"end":{"line":59,"column":1}},"line":57}},"branchMap":{"0":{"loc":{"start":{"line":32,"column":49},"end":{"line":32,"column":71}},"type":"binary-expr","locations":[{"start":{"line":32,"column":49},"end":{"line":32,"column":64}},{"start":{"line":32,"column":68},"end":{"line":32,"column":71}}],"line":32}},"s":{"0":2,"1":2,"2":2,"3":2,"4":2,"5":2,"6":2,"7":2,"8":2,"9":2,"10":2,"11":2,"12":2,"13":2,"14":2,"15":2,"16":2,"17":2,"18":2,"19":2,"20":2,"21":2,"22":2,"23":2,"24":2,"25":2,"26":2,"27":2,"28":2,"29":0,"30":2,"31":0,"32":2,"33":2,"34":0,"35":2,"36":2},"f":{"0":0,"1":0,"2":0},"b":{"0":[2,2]},"_coverageSchema":"1a1c01bbd47fc00a2c39e90264f33305004495a9","hash":"ac4e35c9d1ecbaf64bf2737511fb786a2da18f79"}
,"C:\\Users\\infoviz\\Desktop\\company work test\\jiraissues\\UB19\\s3logsetup\\newrelic.js": {"path":"C:\\Users\\infoviz\\Desktop\\company work test\\jiraissues\\UB19\\s3logsetup\\newrelic.js","statementMap":{"0":{"start":{"line":2,"column":0},"end":{"line":2,"column":27}},"1":{"start":{"line":9,"column":0},"end":{"line":70,"column":1}}},"fnMap":{},"branchMap":{},"s":{"0":2,"1":2},"f":{},"b":{},"_coverageSchema":"1a1c01bbd47fc00a2c39e90264f33305004495a9","hash":"b0e0b47cf5be333dd9e1bf78756526e46698c4ad"}
,"C:\\Users\\infoviz\\Desktop\\company work test\\jiraissues\\UB19\\s3logsetup\\user_register.js": {"path":"C:\\Users\\infoviz\\Desktop\\company work test\\jiraissues\\UB19\\s3logsetup\\user_register.js","statementMap":{"0":{"start":{"line":1,"column":16},"end":{"line":1,"column":34}},"1":{"start":{"line":2,"column":13},"end":{"line":2,"column":38}},"2":{"start":{"line":3,"column":46},"end":{"line":3,"column":70}},"3":{"start":{"line":4,"column":15},"end":{"line":4,"column":34}},"4":{"start":{"line":5,"column":15},"end":{"line":5,"column":34}},"5":{"start":{"line":7,"column":15},"end":{"line":7,"column":31}},"6":{"start":{"line":12,"column":0},"end":{"line":63,"column":2}},"7":{"start":{"line":13,"column":4},"end":{"line":62,"column":5}},"8":{"start":{"line":14,"column":86},"end":{"line":14,"column":94}},"9":{"start":{"line":15,"column":27},"end":{"line":15,"column":29}},"10":{"start":{"line":16,"column":21},"end":{"line":16,"column":51}},"11":{"start":{"line":17,"column":8},"end":{"line":58,"column":9}},"12":{"start":{"line":18,"column":12},"end":{"line":53,"column":17}},"13":{"start":{"line":19,"column":31},"end":{"line":19,"column":95}},"14":{"start":{"line":20,"column":20},"end":{"line":48,"column":21}},"15":{"start":{"line":22,"column":24},"end":{"line":43,"column":25}},"16":{"start":{"line":23,"column":51},"end":{"line":23,"column":84}},"17":{"start":{"line":24,"column":28},"end":{"line":39,"column":29}},"18":{"start":{"line":25,"column":49},"end":{"line":25,"column":113}},"19":{"start":{"line":26,"column":32},"end":{"line":35,"column":33}},"20":{"start":{"line":27,"column":52},"end":{"line":28,"column":80}},"21":{"start":{"line":29,"column":32},"end":{"line":29,"column":172}},"22":{"start":{"line":30,"column":32},"end":{"line":30,"column":109}},"23":{"start":{"line":31,"column":32},"end":{"line":31,"column":74}},"24":{"start":{"line":33,"column":36},"end":{"line":33,"column":79}},"25":{"start":{"line":34,"column":36},"end":{"line":34,"column":83}},"26":{"start":{"line":37,"column":32},"end":{"line":37,"column":83}},"27":{"start":{"line":38,"column":32},"end":{"line":38,"column":87}},"28":{"start":{"line":41,"column":28},"end":{"line":41,"column":75}},"29":{"start":{"line":42,"column":28},"end":{"line":42,"column":79}},"30":{"start":{"line":46,"column":24},"end":{"line":46,"column":60}},"31":{"start":{"line":47,"column":24},"end":{"line":47,"column":64}},"32":{"start":{"line":51,"column":20},"end":{"line":51,"column":64}},"33":{"start":{"line":52,"column":20},"end":{"line":52,"column":68}},"34":{"start":{"line":56,"column":12},"end":{"line":56,"column":77}},"35":{"start":{"line":57,"column":12},"end":{"line":57,"column":81}},"36":{"start":{"line":60,"column":8},"end":{"line":60,"column":26}},"37":{"start":{"line":61,"column":8},"end":{"line":61,"column":58}},"38":{"start":{"line":65,"column":0},"end":{"line":65,"column":24}}},"fnMap":{"0":{"name":"(anonymous_0)","decl":{"start":{"line":12,"column":25},"end":{"line":12,"column":26}},"loc":{"start":{"line":12,"column":45},"end":{"line":63,"column":1}},"line":12}},"branchMap":{"0":{"loc":{"start":{"line":17,"column":8},"end":{"line":58,"column":9}},"type":"if","locations":[{"start":{"line":17,"column":8},"end":{"line":58,"column":9}},{"start":{"line":55,"column":12},"end":{"line":58,"column":9}}],"line":17},"1":{"loc":{"start":{"line":17,"column":11},"end":{"line":17,"column":37}},"type":"binary-expr","locations":[{"start":{"line":17,"column":11},"end":{"line":17,"column":16}},{"start":{"line":17,"column":20},"end":{"line":17,"column":25}},{"start":{"line":17,"column":29},"end":{"line":17,"column":37}}],"line":17},"2":{"loc":{"start":{"line":18,"column":12},"end":{"line":53,"column":17}},"type":"if","locations":[{"start":{"line":18,"column":12},"end":{"line":53,"column":17}},{"start":{"line":50,"column":20},"end":{"line":53,"column":17}}],"line":18},"3":{"loc":{"start":{"line":20,"column":20},"end":{"line":48,"column":21}},"type":"if","locations":[{"start":{"line":20,"column":20},"end":{"line":48,"column":21}},{"start":{"line":45,"column":24},"end":{"line":48,"column":21}}],"line":20},"4":{"loc":{"start":{"line":22,"column":24},"end":{"line":43,"column":25}},"type":"if","locations":[{"start":{"line":22,"column":24},"end":{"line":43,"column":25}},{"start":{"line":40,"column":30},"end":{"line":43,"column":25}}],"line":22},"5":{"loc":{"start":{"line":24,"column":28},"end":{"line":39,"column":29}},"type":"if","locations":[{"start":{"line":24,"column":28},"end":{"line":39,"column":29}},{"start":{"line":36,"column":34},"end":{"line":39,"column":29}}],"line":24},"6":{"loc":{"start":{"line":26,"column":32},"end":{"line":35,"column":33}},"type":"if","locations":[{"start":{"line":26,"column":32},"end":{"line":35,"column":33}},{"start":{"line":32,"column":38},"end":{"line":35,"column":33}}],"line":26}},"s":{"0":2,"1":2,"2":2,"3":2,"4":2,"5":2,"6":2,"7":9,"8":9,"9":9,"10":9,"11":9,"12":8,"13":7,"14":7,"15":7,"16":3,"17":3,"18":2,"19":2,"20":2,"21":2,"22":2,"23":2,"24":0,"25":0,"26":1,"27":1,"28":4,"29":4,"30":0,"31":0,"32":1,"33":1,"34":1,"35":1,"36":0,"37":0,"38":2},"f":{"0":9},"b":{"0":[8,1],"1":[9,9,8],"2":[7,1],"3":[7,0],"4":[3,4],"5":[2,1],"6":[2,0]},"_coverageSchema":"1a1c01bbd47fc00a2c39e90264f33305004495a9","hash":"726da73cd8dd66f6419cb3b1a28b4eaa62a608ee"}
,"C:\\Users\\infoviz\\Desktop\\company work test\\jiraissues\\UB19\\s3logsetup\\Auth1\\login.js": {"path":"C:\\Users\\infoviz\\Desktop\\company work test\\jiraissues\\UB19\\s3logsetup\\Auth1\\login.js","statementMap":{"0":{"start":{"line":1,"column":16},"end":{"line":1,"column":34}},"1":{"start":{"line":2,"column":0},"end":{"line":2,"column":27}},"2":{"start":{"line":3,"column":14},"end":{"line":3,"column":37}},"3":{"start":{"line":4,"column":21},"end":{"line":4,"column":45}},"4":{"start":{"line":5,"column":18},"end":{"line":5,"column":39}},"5":{"start":{"line":6,"column":11},"end":{"line":6,"column":37}},"6":{"start":{"line":7,"column":15},"end":{"line":7,"column":35}},"7":{"start":{"line":8,"column":15},"end":{"line":8,"column":46}},"8":{"start":{"line":9,"column":12},"end":{"line":9,"column":21}},"9":{"start":{"line":10,"column":0},"end":{"line":10,"column":28}},"10":{"start":{"line":11,"column":0},"end":{"line":11,"column":24}},"11":{"start":{"line":15,"column":0},"end":{"line":58,"column":3}},"12":{"start":{"line":16,"column":4},"end":{"line":57,"column":9}},"13":{"start":{"line":17,"column":36},"end":{"line":17,"column":44}},"14":{"start":{"line":18,"column":21},"end":{"line":18,"column":83}},"15":{"start":{"line":19,"column":8},"end":{"line":53,"column":13}},"16":{"start":{"line":20,"column":12},"end":{"line":20,"column":52}},"17":{"start":{"line":21,"column":12},"end":{"line":21,"column":67}},"18":{"start":{"line":24,"column":28},"end":{"line":24,"column":97}},"19":{"start":{"line":25,"column":12},"end":{"line":27,"column":34}},"20":{"start":{"line":26,"column":23},"end":{"line":26,"column":32}},"21":{"start":{"line":27,"column":17},"end":{"line":27,"column":34}},"22":{"start":{"line":28,"column":37},"end":{"line":28,"column":89}},"23":{"start":{"line":29,"column":12},"end":{"line":52,"column":17}},"24":{"start":{"line":30,"column":16},"end":{"line":30,"column":56}},"25":{"start":{"line":31,"column":16},"end":{"line":31,"column":71}},"26":{"start":{"line":33,"column":33},"end":{"line":38,"column":21}},"27":{"start":{"line":39,"column":37},"end":{"line":39,"column":59}},"28":{"start":{"line":40,"column":34},"end":{"line":40,"column":116}},"29":{"start":{"line":42,"column":41},"end":{"line":42,"column":57}},"30":{"start":{"line":43,"column":38},"end":{"line":43,"column":54}},"31":{"start":{"line":44,"column":20},"end":{"line":46,"column":23}},"32":{"start":{"line":47,"column":20},"end":{"line":51,"column":23}},"33":{"start":{"line":55,"column":12},"end":{"line":55,"column":30}},"34":{"start":{"line":56,"column":12},"end":{"line":56,"column":76}},"35":{"start":{"line":71,"column":0},"end":{"line":71,"column":21}}},"fnMap":{"0":{"name":"(anonymous_0)","decl":{"start":{"line":15,"column":19},"end":{"line":15,"column":20}},"loc":{"start":{"line":15,"column":39},"end":{"line":58,"column":1}},"line":15}},"branchMap":{"0":{"loc":{"start":{"line":19,"column":8},"end":{"line":53,"column":13}},"type":"if","locations":[{"start":{"line":19,"column":8},"end":{"line":53,"column":13}},{"start":{"line":23,"column":13},"end":{"line":53,"column":13}}],"line":19},"1":{"loc":{"start":{"line":25,"column":12},"end":{"line":27,"column":34}},"type":"if","locations":[{"start":{"line":25,"column":12},"end":{"line":27,"column":34}},{"start":{"line":27,"column":17},"end":{"line":27,"column":34}}],"line":25},"2":{"loc":{"start":{"line":29,"column":12},"end":{"line":52,"column":17}},"type":"if","locations":[{"start":{"line":29,"column":12},"end":{"line":52,"column":17}},{"start":{"line":32,"column":19},"end":{"line":52,"column":17}}],"line":29}},"s":{"0":2,"1":2,"2":2,"3":2,"4":2,"5":2,"6":2,"7":2,"8":2,"9":2,"10":2,"11":2,"12":1,"13":1,"14":1,"15":1,"16":0,"17":0,"18":1,"19":1,"20":1,"21":0,"22":1,"23":1,"24":0,"25":0,"26":1,"27":1,"28":1,"29":1,"30":1,"31":1,"32":1,"33":0,"34":0,"35":2},"f":{"0":1},"b":{"0":[0,1],"1":[1,0],"2":[0,1]},"_coverageSchema":"1a1c01bbd47fc00a2c39e90264f33305004495a9","hash":"01692661bbafa3fc6632b0ab55e9210a030850a2"}
,"C:\\Users\\infoviz\\Desktop\\company work test\\jiraissues\\UB19\\s3logsetup\\Auth1\\route.js": {"path":"C:\\Users\\infoviz\\Desktop\\company work test\\jiraissues\\UB19\\s3logsetup\\Auth1\\route.js","statementMap":{"0":{"start":{"line":1,"column":16},"end":{"line":1,"column":34}},"1":{"start":{"line":2,"column":0},"end":{"line":2,"column":27}},"2":{"start":{"line":3,"column":21},"end":{"line":3,"column":45}},"3":{"start":{"line":4,"column":18},"end":{"line":4,"column":39}},"4":{"start":{"line":5,"column":11},"end":{"line":5,"column":37}},"5":{"start":{"line":6,"column":12},"end":{"line":6,"column":21}},"6":{"start":{"line":7,"column":0},"end":{"line":7,"column":28}},"7":{"start":{"line":8,"column":0},"end":{"line":8,"column":24}},"8":{"start":{"line":11,"column":19},"end":{"line":23,"column":1}},"9":{"start":{"line":12,"column":19},"end":{"line":12,"column":36}},"10":{"start":{"line":13,"column":4},"end":{"line":15,"column":5}},"11":{"start":{"line":14,"column":8},"end":{"line":14,"column":73}},"12":{"start":{"line":16,"column":25},"end":{"line":16,"column":41}},"13":{"start":{"line":17,"column":4},"end":{"line":22,"column":5}},"14":{"start":{"line":18,"column":8},"end":{"line":18,"column":82}},"15":{"start":{"line":20,"column":8},"end":{"line":20,"column":32}},"16":{"start":{"line":21,"column":8},"end":{"line":21,"column":15}},"17":{"start":{"line":25,"column":0},"end":{"line":25,"column":20}},"18":{"start":{"line":27,"column":23},"end":{"line":33,"column":1}},"19":{"start":{"line":28,"column":23},"end":{"line":28,"column":31}},"20":{"start":{"line":29,"column":4},"end":{"line":31,"column":5}},"21":{"start":{"line":30,"column":8},"end":{"line":30,"column":70}},"22":{"start":{"line":32,"column":4},"end":{"line":32,"column":11}},"23":{"start":{"line":35,"column":0},"end":{"line":44,"column":3}},"24":{"start":{"line":36,"column":4},"end":{"line":43,"column":5}},"25":{"start":{"line":37,"column":25},"end":{"line":37,"column":91}},"26":{"start":{"line":38,"column":8},"end":{"line":38,"column":44}},"27":{"start":{"line":40,"column":8},"end":{"line":40,"column":25}},"28":{"start":{"line":41,"column":8},"end":{"line":42,"column":60}},"29":{"start":{"line":46,"column":0},"end":{"line":54,"column":3}},"30":{"start":{"line":47,"column":4},"end":{"line":53,"column":5}},"31":{"start":{"line":48,"column":8},"end":{"line":48,"column":59}},"32":{"start":{"line":50,"column":8},"end":{"line":50,"column":25}},"33":{"start":{"line":51,"column":8},"end":{"line":52,"column":60}},"34":{"start":{"line":57,"column":0},"end":{"line":57,"column":21}}},"fnMap":{"0":{"name":"(anonymous_0)","decl":{"start":{"line":11,"column":19},"end":{"line":11,"column":20}},"loc":{"start":{"line":11,"column":39},"end":{"line":23,"column":1}},"line":11},"1":{"name":"(anonymous_1)","decl":{"start":{"line":27,"column":23},"end":{"line":27,"column":24}},"loc":{"start":{"line":27,"column":43},"end":{"line":33,"column":1}},"line":27},"2":{"name":"(anonymous_2)","decl":{"start":{"line":35,"column":37},"end":{"line":35,"column":38}},"loc":{"start":{"line":35,"column":56},"end":{"line":44,"column":1}},"line":35},"3":{"name":"(anonymous_3)","decl":{"start":{"line":46,"column":39},"end":{"line":46,"column":40}},"loc":{"start":{"line":46,"column":52},"end":{"line":54,"column":1}},"line":46}},"branchMap":{"0":{"loc":{"start":{"line":13,"column":4},"end":{"line":15,"column":5}},"type":"if","locations":[{"start":{"line":13,"column":4},"end":{"line":15,"column":5}},{"start":{},"end":{}}],"line":13},"1":{"loc":{"start":{"line":17,"column":4},"end":{"line":22,"column":5}},"type":"if","locations":[{"start":{"line":17,"column":4},"end":{"line":22,"column":5}},{"start":{"line":19,"column":11},"end":{"line":22,"column":5}}],"line":17},"2":{"loc":{"start":{"line":29,"column":4},"end":{"line":31,"column":5}},"type":"if","locations":[{"start":{"line":29,"column":4},"end":{"line":31,"column":5}},{"start":{},"end":{}}],"line":29}},"s":{"0":2,"1":2,"2":2,"3":2,"4":2,"5":2,"6":2,"7":2,"8":2,"9":0,"10":0,"11":0,"12":0,"13":0,"14":0,"15":0,"16":0,"17":2,"18":2,"19":0,"20":0,"21":0,"22":0,"23":2,"24":0,"25":0,"26":0,"27":0,"28":0,"29":2,"30":0,"31":0,"32":0,"33":0,"34":2},"f":{"0":0,"1":0,"2":0,"3":0},"b":{"0":[0,0],"1":[0,0],"2":[0,0]},"_coverageSchema":"1a1c01bbd47fc00a2c39e90264f33305004495a9","hash":"14a1a3985553abd5800f5437904e28128e34f0d9"}
,"C:\\Users\\infoviz\\Desktop\\company work test\\jiraissues\\UB19\\s3logsetup\\db\\db_config.js": {"path":"C:\\Users\\infoviz\\Desktop\\company work test\\jiraissues\\UB19\\s3logsetup\\db\\db_config.js","statementMap":{"0":{"start":{"line":1,"column":0},"end":{"line":1,"column":27}},"1":{"start":{"line":2,"column":11},"end":{"line":2,"column":68}},"2":{"start":{"line":3,"column":13},"end":{"line":3,"column":31}},"3":{"start":{"line":5,"column":13},"end":{"line":7,"column":2}},"4":{"start":{"line":8,"column":0},"end":{"line":8,"column":21}}},"fnMap":{},"branchMap":{"0":{"loc":{"start":{"line":2,"column":11},"end":{"line":2,"column":68}},"type":"cond-expr","locations":[{"start":{"line":2,"column":45},"end":{"line":2,"column":55}},{"start":{"line":2,"column":58},"end":{"line":2,"column":68}}],"line":2}},"s":{"0":2,"1":2,"2":2,"3":2,"4":2},"f":{},"b":{"0":[2,0]},"_coverageSchema":"1a1c01bbd47fc00a2c39e90264f33305004495a9","hash":"69f6e2b5ee85649ab944929213dcc65a64f05cbe"}
,"C:\\Users\\infoviz\\Desktop\\company work test\\jiraissues\\UB19\\s3logsetup\\logger\\dev-logger.js": {"path":"C:\\Users\\infoviz\\Desktop\\company work test\\jiraissues\\UB19\\s3logsetup\\logger\\dev-logger.js","statementMap":{"0":{"start":{"line":1,"column":45},"end":{"line":1,"column":63}},"1":{"start":{"line":2,"column":47},"end":{"line":2,"column":53}},"2":{"start":{"line":5,"column":22},"end":{"line":7,"column":6}},"3":{"start":{"line":6,"column":8},"end":{"line":6,"column":60}},"4":{"start":{"line":9,"column":4},"end":{"line":20,"column":7}},"5":{"start":{"line":23,"column":0},"end":{"line":23,"column":32}}},"fnMap":{"0":{"name":"buildDevLogger","decl":{"start":{"line":4,"column":9},"end":{"line":4,"column":23}},"loc":{"start":{"line":4,"column":26},"end":{"line":21,"column":1}},"line":4},"1":{"name":"(anonymous_1)","decl":{"start":{"line":5,"column":29},"end":{"line":5,"column":30}},"loc":{"start":{"line":5,"column":71},"end":{"line":7,"column":5}},"line":5}},"branchMap":{"0":{"loc":{"start":{"line":6,"column":41},"end":{"line":6,"column":57}},"type":"binary-expr","locations":[{"start":{"line":6,"column":41},"end":{"line":6,"column":46}},{"start":{"line":6,"column":50},"end":{"line":6,"column":57}}],"line":6}},"s":{"0":2,"1":2,"2":0,"3":0,"4":0,"5":2},"f":{"0":0,"1":0},"b":{"0":[0,0]},"_coverageSchema":"1a1c01bbd47fc00a2c39e90264f33305004495a9","hash":"973469c645f0134280c5751914c6fbbb0f7f352e"}
,"C:\\Users\\infoviz\\Desktop\\company work test\\jiraissues\\UB19\\s3logsetup\\logger\\index.js": {"path":"C:\\Users\\infoviz\\Desktop\\company work test\\jiraissues\\UB19\\s3logsetup\\logger\\index.js","statementMap":{"0":{"start":{"line":1,"column":23},"end":{"line":1,"column":46}},"1":{"start":{"line":2,"column":24},"end":{"line":2,"column":48}},"2":{"start":{"line":4,"column":13},"end":{"line":4,"column":17}},"3":{"start":{"line":5,"column":0},"end":{"line":9,"column":1}},"4":{"start":{"line":6,"column":4},"end":{"line":6,"column":30}},"5":{"start":{"line":8,"column":4},"end":{"line":8,"column":31}},"6":{"start":{"line":11,"column":0},"end":{"line":11,"column":24}}},"fnMap":{},"branchMap":{"0":{"loc":{"start":{"line":5,"column":0},"end":{"line":9,"column":1}},"type":"if","locations":[{"start":{"line":5,"column":0},"end":{"line":9,"column":1}},{"start":{"line":7,"column":7},"end":{"line":9,"column":1}}],"line":5}},"s":{"0":2,"1":2,"2":2,"3":2,"4":0,"5":2,"6":2},"f":{},"b":{"0":[0,2]},"_coverageSchema":"1a1c01bbd47fc00a2c39e90264f33305004495a9","hash":"57f78c7a717473f753b73d3238f01f0fd047c500"}
,"C:\\Users\\infoviz\\Desktop\\company work test\\jiraissues\\UB19\\s3logsetup\\logger\\prod-logger.js": {"path":"C:\\Users\\infoviz\\Desktop\\company work test\\jiraissues\\UB19\\s3logsetup\\logger\\prod-logger.js","statementMap":{"0":{"start":{"line":1,"column":45},"end":{"line":1,"column":63}},"1":{"start":{"line":2,"column":45},"end":{"line":2,"column":51}},"2":{"start":{"line":3,"column":23},"end":{"line":3,"column":64}},"3":{"start":{"line":5,"column":18},"end":{"line":9,"column":2}},"4":{"start":{"line":10,"column":18},"end":{"line":12,"column":4}},"5":{"start":{"line":13,"column":0},"end":{"line":16,"column":3}},"6":{"start":{"line":15,"column":4},"end":{"line":15,"column":77}},"7":{"start":{"line":19,"column":4},"end":{"line":26,"column":7}},"8":{"start":{"line":29,"column":0},"end":{"line":29,"column":33}}},"fnMap":{"0":{"name":"(anonymous_0)","decl":{"start":{"line":13,"column":22},"end":{"line":13,"column":23}},"loc":{"start":{"line":13,"column":35},"end":{"line":16,"column":1}},"line":13},"1":{"name":"buildProdLogger","decl":{"start":{"line":18,"column":9},"end":{"line":18,"column":24}},"loc":{"start":{"line":18,"column":26},"end":{"line":27,"column":1}},"line":18}},"branchMap":{},"s":{"0":2,"1":2,"2":2,"3":2,"4":2,"5":2,"6":0,"7":2,"8":2},"f":{"0":0,"1":2},"b":{},"_coverageSchema":"1a1c01bbd47fc00a2c39e90264f33305004495a9","hash":"7e339d949d3622977146fea7d9d2de50a9b30980"}
,"C:\\Users\\infoviz\\Desktop\\company work test\\jiraissues\\UB19\\s3logsetup\\utils\\regex.js": {"path":"C:\\Users\\infoviz\\Desktop\\company work test\\jiraissues\\UB19\\s3logsetup\\utils\\regex.js","statementMap":{"0":{"start":{"line":2,"column":17},"end":{"line":2,"column":66}},"1":{"start":{"line":3,"column":2},"end":{"line":3,"column":28}},"2":{"start":{"line":6,"column":17},"end":{"line":6,"column":78}},"3":{"start":{"line":7,"column":2},"end":{"line":7,"column":28}},"4":{"start":{"line":10,"column":17},"end":{"line":10,"column":95}},"5":{"start":{"line":11,"column":2},"end":{"line":11,"column":28}},"6":{"start":{"line":15,"column":0},"end":{"line":15,"column":50}}},"fnMap":{"0":{"name":"testEmail","decl":{"start":{"line":1,"column":9},"end":{"line":1,"column":18}},"loc":{"start":{"line":1,"column":26},"end":{"line":4,"column":1}},"line":1},"1":{"name":"testPhone","decl":{"start":{"line":5,"column":9},"end":{"line":5,"column":18}},"loc":{"start":{"line":5,"column":26},"end":{"line":8,"column":1}},"line":5},"2":{"name":"testPassword","decl":{"start":{"line":9,"column":9},"end":{"line":9,"column":21}},"loc":{"start":{"line":9,"column":29},"end":{"line":12,"column":1}},"line":9}},"branchMap":{},"s":{"0":11,"1":11,"2":5,"3":5,"4":11,"5":11,"6":3},"f":{"0":11,"1":5,"2":11},"b":{},"_coverageSchema":"1a1c01bbd47fc00a2c39e90264f33305004495a9","hash":"59717e5a2ea60377ef76bdaaeb77b43ad7e83b5a"}
}
