TN:
SF:api.js
FN:47,(anonymous_0)
FN:52,(anonymous_1)
FN:58,(anonymous_2)
FNF:3
FNH:0
FNDA:0,(anonymous_0)
FNDA:0,(anonymous_1)
FNDA:0,(anonymous_2)
DA:1,2
DA:2,2
DA:4,2
DA:5,2
DA:6,2
DA:7,2
DA:8,2
DA:9,2
DA:10,2
DA:11,2
DA:12,2
DA:13,2
DA:14,2
DA:15,2
DA:16,2
DA:17,2
DA:20,2
DA:26,2
DA:27,2
DA:28,2
DA:30,2
DA:31,2
DA:33,2
DA:34,2
DA:35,2
DA:37,2
DA:39,2
DA:40,2
DA:41,2
DA:44,2
DA:45,2
DA:47,2
DA:48,0
DA:50,2
DA:52,0
DA:56,2
DA:58,2
DA:59,0
DA:62,2
DA:64,2
LF:40
LH:37
BRDA:33,0,0,2
BRDA:33,0,1,2
BRF:2
BRH:2
end_of_record
TN:
SF:newrelic.js
FNF:0
FNH:0
DA:2,2
DA:9,2
LF:2
LH:2
BRF:0
BRH:0
end_of_record
TN:
SF:sentry_config.js
FNF:0
FNH:0
DA:1,2
DA:3,2
DA:11,2
LF:3
LH:3
BRDA:3,0,0,2
BRDA:3,0,1,0
BRF:2
BRH:1
end_of_record
TN:
SF:user_register.js
FN:13,(anonymous_0)
FNF:1
FNH:1
FNDA:9,(anonymous_0)
DA:1,2
DA:2,2
DA:3,2
DA:4,2
DA:5,2
DA:6,2
DA:8,2
DA:13,2
DA:14,9
DA:15,9
DA:16,9
DA:17,9
DA:18,9
DA:19,8
DA:20,7
DA:21,7
DA:23,7
DA:24,3
DA:25,3
DA:26,2
DA:27,2
DA:28,2
DA:30,2
DA:31,2
DA:32,2
DA:34,0
DA:35,0
DA:36,0
DA:39,1
DA:40,1
DA:41,1
DA:44,4
DA:45,4
DA:46,4
DA:50,0
DA:51,0
DA:52,0
DA:56,1
DA:57,1
DA:58,1
DA:62,1
DA:63,1
DA:64,1
DA:67,0
DA:68,0
DA:69,0
DA:73,2
LF:47
LH:38
BRDA:18,0,0,8
BRDA:18,0,1,1
BRDA:18,1,0,9
BRDA:18,1,1,9
BRDA:18,1,2,8
BRDA:19,2,0,7
BRDA:19,2,1,1
BRDA:21,3,0,7
BRDA:21,3,1,0
BRDA:23,4,0,3
BRDA:23,4,1,4
BRDA:25,5,0,2
BRDA:25,5,1,1
BRDA:27,6,0,2
BRDA:27,6,1,0
BRF:15
BRH:13
end_of_record
TN:
SF:Auth1\login.js
FN:16,(anonymous_0)
FNF:1
FNH:1
FNDA:1,(anonymous_0)
DA:1,2
DA:2,2
DA:3,2
DA:4,2
DA:5,2
DA:6,2
DA:7,2
DA:8,2
DA:9,2
DA:10,2
DA:11,2
DA:12,2
DA:16,2
DA:17,1
DA:18,1
DA:19,1
DA:20,1
DA:21,0
DA:22,0
DA:23,0
DA:26,1
DA:27,1
DA:28,1
DA:29,0
DA:30,1
DA:31,1
DA:32,0
DA:33,0
DA:34,0
DA:36,1
DA:42,1
DA:43,1
DA:45,1
DA:46,1
DA:47,1
DA:50,1
DA:58,0
DA:59,0
DA:60,0
DA:75,2
LF:40
LH:30
BRDA:20,0,0,0
BRDA:20,0,1,1
BRDA:27,1,0,1
BRDA:27,1,1,0
BRDA:31,2,0,0
BRDA:31,2,1,1
BRF:6
BRH:3
end_of_record
TN:
SF:Auth1\route.js
FN:13,(anonymous_0)
FN:29,(anonymous_1)
FN:37,(anonymous_2)
FN:49,(anonymous_3)
FNF:4
FNH:0
FNDA:0,(anonymous_0)
FNDA:0,(anonymous_1)
FNDA:0,(anonymous_2)
FNDA:0,(anonymous_3)
DA:1,2
DA:2,2
DA:3,2
DA:4,2
DA:5,2
DA:6,2
DA:7,2
DA:8,2
DA:9,2
DA:10,2
DA:13,2
DA:14,0
DA:15,0
DA:16,0
DA:18,0
DA:19,0
DA:20,0
DA:22,0
DA:23,0
DA:27,2
DA:29,2
DA:30,0
DA:31,0
DA:32,0
DA:34,0
DA:37,2
DA:38,0
DA:39,0
DA:40,0
DA:42,0
DA:43,0
DA:44,0
DA:49,2
DA:50,0
DA:51,0
DA:53,0
DA:54,0
DA:55,0
DA:61,2
LF:39
LH:16
BRDA:15,0,0,0
BRDA:15,0,1,0
BRDA:19,1,0,0
BRDA:19,1,1,0
BRDA:31,2,0,0
BRDA:31,2,1,0
BRF:6
BRH:0
end_of_record
TN:
SF:db\db_config.js
FNF:0
FNH:0
DA:1,2
DA:2,2
DA:3,2
DA:5,2
DA:8,2
LF:5
LH:5
BRDA:2,0,0,2
BRDA:2,0,1,0
BRF:2
BRH:1
end_of_record
TN:
SF:logger\dev-logger.js
FN:4,buildDevLogger
FN:5,(anonymous_1)
FNF:2
FNH:0
FNDA:0,buildDevLogger
FNDA:0,(anonymous_1)
DA:1,2
DA:2,2
DA:5,0
DA:6,0
DA:9,0
DA:23,2
LF:6
LH:3
BRDA:6,0,0,0
BRDA:6,0,1,0
BRF:2
BRH:0
end_of_record
TN:
SF:logger\index.js
FNF:0
FNH:0
DA:1,2
DA:2,2
DA:4,2
DA:5,2
DA:6,0
DA:8,2
DA:11,2
LF:7
LH:6
BRDA:5,0,0,0
BRDA:5,0,1,2
BRF:2
BRH:1
end_of_record
TN:
SF:logger\prod-logger.js
FN:14,(anonymous_0)
FN:19,buildProdLogger
FNF:2
FNH:1
FNDA:0,(anonymous_0)
FNDA:2,buildProdLogger
DA:1,2
DA:2,2
DA:3,2
DA:4,2
DA:6,2
DA:11,2
DA:14,2
DA:16,0
DA:20,2
DA:30,2
LF:10
LH:9
BRF:0
BRH:0
end_of_record
TN:
SF:utils\regex.js
FN:1,testEmail
FN:5,testPhone
FN:9,testPassword
FNF:3
FNH:3
FNDA:11,testEmail
FNDA:5,testPhone
FNDA:11,testPassword
DA:2,11
DA:3,11
DA:6,5
DA:7,5
DA:10,11
DA:11,11
DA:15,3
LF:7
LH:7
BRF:0
BRH:0
end_of_record
