TN:
SF:api.js
FN:49,(anonymous_0)
FN:54,(anonymous_1)
FN:60,(anonymous_2)
FNF:3
FNH:0
FNDA:0,(anonymous_0)
FNDA:0,(anonymous_1)
FNDA:0,(anonymous_2)
DA:1,2
DA:2,2
DA:3,2
DA:4,2
DA:5,2
DA:6,2
DA:7,2
DA:8,2
DA:9,2
DA:10,2
DA:11,2
DA:12,2
DA:13,2
DA:14,2
DA:15,2
DA:16,2
DA:17,2
DA:21,2
DA:28,2
DA:29,2
DA:30,2
DA:31,2
DA:32,2
DA:33,2
DA:34,2
DA:35,2
DA:36,2
DA:38,2
DA:40,2
DA:41,2
DA:42,2
DA:43,2
DA:46,2
DA:47,2
DA:49,2
DA:50,0
DA:52,2
DA:54,0
DA:58,2
DA:60,2
DA:61,0
DA:64,2
DA:66,2
LF:43
LH:40
BRDA:34,0,0,2
BRDA:34,0,1,2
BRF:2
BRH:2
end_of_record
TN:
SF:newrelic.js
FNF:0
FNH:0
DA:2,2
DA:9,2
LF:2
LH:2
BRF:0
BRH:0
end_of_record
TN:
SF:sentry_config.js
FNF:0
FNH:0
DA:1,2
DA:3,2
DA:10,2
LF:3
LH:3
BRDA:3,0,0,2
BRDA:3,0,1,0
BRF:2
BRH:1
end_of_record
TN:
SF:user_register.js
FN:11,(anonymous_0)
FNF:1
FNH:1
FNDA:9,(anonymous_0)
DA:1,2
DA:2,2
DA:3,2
DA:4,2
DA:5,2
DA:6,2
DA:8,2
DA:11,2
DA:12,9
DA:21,9
DA:22,9
DA:23,9
DA:24,9
DA:25,8
DA:26,7
DA:30,7
DA:31,7
DA:32,3
DA:33,3
DA:34,2
DA:38,2
DA:39,2
DA:43,2
DA:47,2
DA:50,2
DA:52,0
DA:53,0
DA:54,0
DA:57,1
DA:58,1
DA:59,1
DA:62,4
DA:63,4
DA:64,4
DA:67,0
DA:68,0
DA:69,0
DA:72,1
DA:73,1
DA:74,1
DA:77,1
DA:80,1
DA:81,1
DA:84,0
DA:85,0
DA:86,0
DA:90,2
LF:47
LH:38
BRDA:24,0,0,8
BRDA:24,0,1,1
BRDA:24,1,0,9
BRDA:24,1,1,9
BRDA:24,1,2,8
BRDA:25,2,0,7
BRDA:25,2,1,1
BRDA:30,3,0,7
BRDA:30,3,1,0
BRDA:31,4,0,3
BRDA:31,4,1,4
BRDA:33,5,0,2
BRDA:33,5,1,1
BRDA:38,6,0,2
BRDA:38,6,1,0
BRF:15
BRH:13
end_of_record
TN:
SF:Auth1\login.js
FN:23,(anonymous_0)
FNF:1
FNH:1
FNDA:1,(anonymous_0)
DA:1,2
DA:2,2
DA:3,2
DA:4,2
DA:5,2
DA:6,2
DA:7,2
DA:8,2
DA:9,2
DA:10,2
DA:11,2
DA:12,2
DA:13,2
DA:14,2
DA:18,2
DA:25,1
DA:26,1
DA:28,0
DA:30,0
DA:31,0
DA:32,0
DA:33,0
DA:34,0
DA:35,0
DA:36,0
DA:38,0
DA:39,0
DA:43,0
DA:44,0
DA:45,0
DA:46,0
DA:49,0
DA:52,0
DA:53,0
DA:54,0
DA:56,0
DA:60,0
DA:61,0
DA:62,0
DA:63,0
DA:66,0
DA:72,0
DA:74,0
DA:79,0
DA:80,0
DA:81,0
DA:84,0
DA:92,0
DA:93,0
DA:94,0
DA:97,0
DA:98,0
DA:99,0
DA:114,2
LF:54
LH:18
BRDA:25,0,0,1
BRDA:25,0,1,0
BRDA:33,1,0,0
BRDA:33,1,1,0
BRDA:35,2,0,0
BRDA:35,2,1,0
BRDA:43,3,0,0
BRDA:43,3,1,0
BRDA:52,4,0,0
BRDA:52,4,1,0
BRDA:60,5,0,0
BRDA:60,5,1,0
BRF:12
BRH:1
end_of_record
TN:
SF:Auth1\route.js
FN:12,(anonymous_0)
FN:28,(anonymous_1)
FN:36,(anonymous_2)
FN:49,(anonymous_3)
FNF:4
FNH:0
FNDA:0,(anonymous_0)
FNDA:0,(anonymous_1)
FNDA:0,(anonymous_2)
FNDA:0,(anonymous_3)
DA:1,2
DA:2,2
DA:3,2
DA:4,2
DA:5,2
DA:6,2
DA:7,2
DA:8,2
DA:9,2
DA:10,2
DA:12,2
DA:13,0
DA:14,0
DA:15,0
DA:17,0
DA:18,0
DA:19,0
DA:21,0
DA:22,0
DA:26,2
DA:28,2
DA:29,0
DA:30,0
DA:31,0
DA:33,0
DA:36,2
DA:37,0
DA:38,0
DA:41,0
DA:43,0
DA:44,0
DA:45,0
DA:49,2
DA:50,0
DA:51,0
DA:53,0
DA:54,0
DA:55,0
DA:59,2
LF:39
LH:16
BRDA:14,0,0,0
BRDA:14,0,1,0
BRDA:18,1,0,0
BRDA:18,1,1,0
BRDA:30,2,0,0
BRDA:30,2,1,0
BRF:6
BRH:0
end_of_record
TN:
SF:db\db_config.js
FNF:0
FNH:0
DA:1,2
DA:2,2
DA:3,2
DA:5,2
DA:8,2
LF:5
LH:5
BRDA:2,0,0,2
BRDA:2,0,1,0
BRF:2
BRH:1
end_of_record
TN:
SF:logger\dev-logger.js
FN:4,buildDevLogger
FN:5,(anonymous_1)
FNF:2
FNH:0
FNDA:0,buildDevLogger
FNDA:0,(anonymous_1)
DA:1,2
DA:2,2
DA:5,0
DA:6,0
DA:9,0
DA:23,2
LF:6
LH:3
BRDA:6,0,0,0
BRDA:6,0,1,0
BRF:2
BRH:0
end_of_record
TN:
SF:logger\index.js
FNF:0
FNH:0
DA:1,2
DA:2,2
DA:4,2
DA:5,2
DA:6,0
DA:8,2
DA:11,2
LF:7
LH:6
BRDA:5,0,0,0
BRDA:5,0,1,2
BRF:2
BRH:1
end_of_record
TN:
SF:logger\prod-logger.js
FN:18,buildProdLogger
FNF:1
FNH:1
FNDA:2,buildProdLogger
DA:1,2
DA:2,2
DA:19,2
DA:29,2
LF:4
LH:4
BRF:0
BRH:0
end_of_record
TN:
SF:utils\regex.js
FN:1,testEmail
FN:5,testPhone
FN:9,testPassword
FNF:3
FNH:3
FNDA:11,testEmail
FNDA:5,testPhone
FNDA:11,testPassword
DA:2,11
DA:3,11
DA:6,5
DA:7,5
DA:10,11
DA:11,11
DA:15,3
LF:7
LH:7
BRF:0
BRH:0
end_of_record
